<?xml version="1.0" encoding="UTF-8"?>
<!-- Generated by org.testng.reporters.JUnitReportReporter -->
<testsuite skipped="0" hostname="Ted-PC" name="test.Day2" tests="1" failures="0" timestamp="09 Feb 2018 03:40:16 GMT" time="0.010" errors="0">
  <testcase name="loan" time="0.010" classname="test.Day2"/>
</testsuite> <!-- test.Day2 -->
