<?xml version="1.0" encoding="UTF-8"?>
<!-- Generated by org.testng.reporters.JUnitReportReporter -->
<testsuite skipped="0" hostname="Ted-PC" name="test.Day3" tests="6" failures="0" timestamp="09 Feb 2018 04:16:23 GMT" time="0.030" errors="0">
  <testcase name="MobileExecute2" time="0.010" classname="test.Day3"/>
  <testcase name="LoginAPICarLoan" time="0.000" classname="test.Day3"/>
  <testcase name="Weblogin" time="0.010" classname="test.Day3"/>
  <testcase name="MobileloginCarLoan" time="0.000" classname="test.Day3"/>
  <testcase name="MobileExecute1" time="0.000" classname="test.Day3"/>
  <testcase name="MobileExecute3" time="0.010" classname="test.Day3"/>
</testsuite> <!-- test.Day3 -->
