<?xml version="1.0" encoding="UTF-8"?>
<!-- Generated by org.testng.reporters.JUnitReportReporter -->
<testsuite skipped="0" hostname="Ted-PC" name="test.Day1" tests="2" failures="0" timestamp="09 Feb 2018 03:13:19 GMT" time="0.007" errors="0">
  <testcase name="SecondTestcase" time="0.001" classname="test.Day1"/>
  <testcase name="FirstTestcase" time="0.006" classname="test.Day1"/>
</testsuite> <!-- test.Day1 -->
